CameraMapper INFO: Loading exposure registry from /global/cfs/cdirs/lsst/production/DC2_ImSim/Run3.1i/desc_dm_drp/nersc/v19.0.0-v1/Run3.1i/DR3/repo/registry.sqlite3
CameraMapper INFO: Loading calib registry from /global/cfs/cdirs/lsst/production/DC2_ImSim/Run3.1i/desc_dm_drp/nersc/v19.0.0-v1/Run3.1i/DR3/repo/CALIB/calibRegistry.sqlite3
CameraMapper INFO: Loading calib registry from /global/cfs/cdirs/lsst/production/DC2_ImSim/Run3.1i/desc_dm_drp/nersc/v19.0.0-v1/Run3.1i/DR3/repo/CALIB/calibRegistry.sqlite3
CameraMapper INFO: Loading calib registry from /global/cscratch1/sd/descdm/DC2/Run3.1i/DR3/repo/CALIB/calibRegistry.sqlite3
CameraMapper INFO: Loading calib registry from /global/cfs/cdirs/lsst/production/DC2_ImSim/Run3.1i/desc_dm_drp/nersc/v19.0.0-v1/Run3.1i/DR3/repo/CALIB/calibRegistry.sqlite3
CameraMapper INFO: Loading calib registry from /global/cfs/cdirs/lsst/production/DC2_ImSim/Run3.1i/desc_dm_drp/nersc/v19.0.0-v1/Run3.1i/DR3/repo/CALIB/calibRegistry.sqlite3
CameraMapper INFO: Loading calib registry from /global/cfs/cdirs/lsst/production/DC2_ImSim/Run3.1i/desc_dm_drp/nersc/v19.0.0-v1/Run3.1i/DR3/repo/CALIB/calibRegistry.sqlite3
Processing tract 4849, patch 0,0
   No locations for get: datasetType:deepCoadd_ref dataId:DataId(initialdata={'tract': 4849, 'patch': '0,0'}, tag=set())
  No entries for tract 4849, patch 0,0
Processing tract 4849, patch 1,0
   No locations for get: datasetType:deepCoadd_ref dataId:DataId(initialdata={'tract': 4849, 'patch': '1,0'}, tag=set())
  No entries for tract 4849, patch 1,0
Processing tract 4849, patch 2,0
   No locations for get: datasetType:deepCoadd_ref dataId:DataId(initialdata={'tract': 4849, 'patch': '2,0'}, tag=set())
  No entries for tract 4849, patch 2,0
Processing tract 4849, patch 3,0
   No locations for get: datasetType:deepCoadd_ref dataId:DataId(initialdata={'tract': 4849, 'patch': '3,0'}, tag=set())
  No entries for tract 4849, patch 3,0
Processing tract 4849, patch 4,0
   No locations for get: datasetType:deepCoadd_ref dataId:DataId(initialdata={'tract': 4849, 'patch': '4,0'}, tag=set())
  No entries for tract 4849, patch 4,0
Processing tract 4849, patch 5,0
   No locations for get: datasetType:deepCoadd_ref dataId:DataId(initialdata={'tract': 4849, 'patch': '5,0'}, tag=set())
  No entries for tract 4849, patch 5,0
Processing tract 4849, patch 6,0
   No locations for get: datasetType:deepCoadd_ref dataId:DataId(initialdata={'tract': 4849, 'patch': '6,0'}, tag=set())
  No entries for tract 4849, patch 6,0
Processing tract 4849, patch 0,1
   No locations for get: datasetType:deepCoadd_ref dataId:DataId(initialdata={'tract': 4849, 'patch': '0,1'}, tag=set())
  No entries for tract 4849, patch 0,1
Processing tract 4849, patch 1,1
   No locations for get: datasetType:deepCoadd_ref dataId:DataId(initialdata={'tract': 4849, 'patch': '1,1'}, tag=set())
  No entries for tract 4849, patch 1,1
Processing tract 4849, patch 2,1
   No locations for get: datasetType:deepCoadd_ref dataId:DataId(initialdata={'tract': 4849, 'patch': '2,1'}, tag=set())
  No entries for tract 4849, patch 2,1
Processing tract 4849, patch 3,1
   No locations for get: datasetType:deepCoadd_ref dataId:DataId(initialdata={'tract': 4849, 'patch': '3,1'}, tag=set())
  No entries for tract 4849, patch 3,1
Processing tract 4849, patch 4,1
   No locations for get: datasetType:deepCoadd_ref dataId:DataId(initialdata={'tract': 4849, 'patch': '4,1'}, tag=set())
  No entries for tract 4849, patch 4,1
Processing tract 4849, patch 5,1
   No locations for get: datasetType:deepCoadd_ref dataId:DataId(initialdata={'tract': 4849, 'patch': '5,1'}, tag=set())
  No entries for tract 4849, patch 5,1
Processing tract 4849, patch 6,1
   No locations for get: datasetType:deepCoadd_ref dataId:DataId(initialdata={'tract': 4849, 'patch': '6,1'}, tag=set())
  No entries for tract 4849, patch 6,1
Processing tract 4849, patch 0,2
   No locations for get: datasetType:deepCoadd_ref dataId:DataId(initialdata={'tract': 4849, 'patch': '0,2'}, tag=set())
  No entries for tract 4849, patch 0,2
Processing tract 4849, patch 1,2
   No locations for get: datasetType:deepCoadd_ref dataId:DataId(initialdata={'tract': 4849, 'patch': '1,2'}, tag=set())
  No entries for tract 4849, patch 1,2
Processing tract 4849, patch 2,2
   No locations for get: datasetType:deepCoadd_ref dataId:DataId(initialdata={'tract': 4849, 'patch': '2,2'}, tag=set())
  No entries for tract 4849, patch 2,2
Processing tract 4849, patch 3,2
   No locations for get: datasetType:deepCoadd_ref dataId:DataId(initialdata={'tract': 4849, 'patch': '3,2'}, tag=set())
  No entries for tract 4849, patch 3,2
Processing tract 4849, patch 4,2
   No locations for get: datasetType:deepCoadd_ref dataId:DataId(initialdata={'tract': 4849, 'patch': '4,2'}, tag=set())
  No entries for tract 4849, patch 4,2
Processing tract 4849, patch 5,2
   No locations for get: datasetType:deepCoadd_ref dataId:DataId(initialdata={'tract': 4849, 'patch': '5,2'}, tag=set())
  No entries for tract 4849, patch 5,2
Processing tract 4849, patch 6,2
   No locations for get: datasetType:deepCoadd_ref dataId:DataId(initialdata={'tract': 4849, 'patch': '6,2'}, tag=set())
  No entries for tract 4849, patch 6,2
Processing tract 4849, patch 0,3
   No locations for get: datasetType:deepCoadd_ref dataId:DataId(initialdata={'tract': 4849, 'patch': '0,3'}, tag=set())
  No entries for tract 4849, patch 0,3
Processing tract 4849, patch 1,3
   No locations for get: datasetType:deepCoadd_ref dataId:DataId(initialdata={'tract': 4849, 'patch': '1,3'}, tag=set())
  No entries for tract 4849, patch 1,3
Processing tract 4849, patch 2,3
   No locations for get: datasetType:deepCoadd_forced_src dataId:DataId(initialdata={'tract': 4849, 'patch': '2,3', 'filter': 'u'}, tag=set())
   No locations for get: datasetType:deepCoadd_forced_src dataId:DataId(initialdata={'tract': 4849, 'patch': '2,3', 'filter': 'r'}, tag=set())
   No locations for get: datasetType:deepCoadd_forced_src dataId:DataId(initialdata={'tract': 4849, 'patch': '2,3', 'filter': 'z'}, tag=set())
   No locations for get: datasetType:deepCoadd_forced_src dataId:DataId(initialdata={'tract': 4849, 'patch': '2,3', 'filter': 'y'}, tag=set())
Processing tract 4849, patch 3,3
Processing tract 4849, patch 4,3
Processing tract 4849, patch 5,3
Processing tract 4849, patch 6,3
Processing tract 4849, patch 0,4
   No locations for get: datasetType:deepCoadd_ref dataId:DataId(initialdata={'tract': 4849, 'patch': '0,4'}, tag=set())
  No entries for tract 4849, patch 0,4
Processing tract 4849, patch 1,4
   No locations for get: datasetType:deepCoadd_ref dataId:DataId(initialdata={'tract': 4849, 'patch': '1,4'}, tag=set())
  No entries for tract 4849, patch 1,4
Processing tract 4849, patch 2,4
Processing tract 4849, patch 3,4
Processing tract 4849, patch 4,4
Processing tract 4849, patch 5,4
Processing tract 4849, patch 6,4
Processing tract 4849, patch 0,5
   No locations for get: datasetType:deepCoadd_ref dataId:DataId(initialdata={'tract': 4849, 'patch': '0,5'}, tag=set())
  No entries for tract 4849, patch 0,5
Processing tract 4849, patch 1,5
   No locations for get: datasetType:deepCoadd_ref dataId:DataId(initialdata={'tract': 4849, 'patch': '1,5'}, tag=set())
  No entries for tract 4849, patch 1,5
Processing tract 4849, patch 2,5
Processing tract 4849, patch 3,5
Processing tract 4849, patch 4,5
Processing tract 4849, patch 5,5
Traceback (most recent call last):
  File "/opt/lsst/software/stack/DC2-production-0.4.0/scripts/make_object_catalog.py", line 238, in <module>
    filters=filters
  File "/opt/lsst/software/stack/DC2-production-0.4.0/scripts/make_object_catalog.py", line 82, in generate_object_catalog
    merged_cat = merge_coadd_forced_src(butler, tract, patch, verbose=verbose, **kwargs)
  File "/opt/lsst/software/stack/DC2-production-0.4.0/scripts/make_object_catalog.py", line 155, in merge_coadd_forced_src
    cat = cat[isPrimary]
  File "/opt/lsst/software/stack/python/miniconda3-4.7.10/envs/lsst-scipipe-4d7b902/lib/python3.7/site-packages/astropy/table/table.py", line 1373, in __getitem__
    return self._new_from_slice(item)
  File "/opt/lsst/software/stack/python/miniconda3-4.7.10/envs/lsst-scipipe-4d7b902/lib/python3.7/site-packages/astropy/table/table.py", line 922, in _new_from_slice
    newcol = col[slice_]
  File "astropy/table/_column_mixins.pyx", line 74, in astropy.table._column_mixins._ColumnGetitemShim.__getitem__
  File "astropy/table/_column_mixins.pyx", line 57, in astropy.table._column_mixins.base_getitem
  File "astropy/table/_column_mixins.pyx", line 69, in astropy.table._column_mixins.column_getitem
IndexError: boolean index did not match indexed array along dimension 0; dimension is 4798 but corresponding boolean dimension is 23021
